[2018-12-17 20:59:45] local.INFO: array (
)  
[2018-12-17 21:00:02] local.INFO: array (
)  
[2018-12-17 21:01:33] local.ERROR: exception 'PDOException' with message 'SQLSTATE[23000]: Integrity constraint violation: 1048 Column 'Text' cannot be null' in /home/smsringvertical/public_html/vendor/laravel/framework/src/Illuminate/Database/Connection.php:449
Stack trace:
#0 /home/smsringvertical/public_html/vendor/laravel/framework/src/Illuminate/Database/Connection.php(449): PDOStatement->execute()
#1 /home/smsringvertical/public_html/vendor/laravel/framework/src/Illuminate/Database/Connection.php(640): Illuminate\Database\Connection->Illuminate\Database\{closure}('insert into `me...', Array)
#2 /home/smsringvertical/public_html/vendor/laravel/framework/src/Illuminate/Database/Connection.php(607): Illuminate\Database\Connection->runQueryCallback('insert into `me...', Array, Object(Closure))
#3 /home/smsringvertical/public_html/vendor/laravel/framework/src/Illuminate/Database/Connection.php(450): Illuminate\Database\Connection->run('insert into `me...', Array, Object(Closure))
#4 /home/smsringvertical/public_html/vendor/laravel/framework/src/Illuminate/Database/Connection.php(404): Illuminate\Database\Connection->statement('insert into `me...', Array)
#5 /home/smsringvertical/public_html/vendor/laravel/framework/src/Illuminate/Database/Query/Processors/Processor.php(32): Illuminate\Database\Connection->insert('insert into `me...', Array)
#6 /home/smsringvertical/public_html/vendor/laravel/framework/src/Illuminate/Database/Query/Builder.php(2196): Illuminate\Database\Query\Processors\Processor->processInsertGetId(Object(Illuminate\Database\Query\Builder), 'insert into `me...', Array, 'id')
#7 /home/smsringvertical/public_html/vendor/laravel/framework/src/Illuminate/Database/Eloquent/Builder.php(1329): Illuminate\Database\Query\Builder->insertGetId(Array, 'id')
#8 /home/smsringvertical/public_html/vendor/laravel/framework/src/Illuminate/Database/Eloquent/Model.php(674): Illuminate\Database\Eloquent\Builder->__call('insertGetId', Array)
#9 /home/smsringvertical/public_html/vendor/laravel/framework/src/Illuminate/Database/Eloquent/Model.php(674): Illuminate\Database\Eloquent\Builder->insertGetId(Array, 'id')
#10 /home/smsringvertical/public_html/vendor/laravel/framework/src/Illuminate/Database/Eloquent/Model.php(639): Illuminate\Database\Eloquent\Model->insertAndSetId(Object(Illuminate\Database\Eloquent\Builder), Array)
#11 /home/smsringvertical/public_html/vendor/laravel/framework/src/Illuminate/Database/Eloquent/Model.php(508): Illuminate\Database\Eloquent\Model->performInsert(Object(Illuminate\Database\Eloquent\Builder))
#12 /home/smsringvertical/public_html/vendor/laravel/framework/src/Illuminate/Database/Eloquent/Builder.php(825): Illuminate\Database\Eloquent\Model->save()
#13 /home/smsringvertical/public_html/vendor/laravel/framework/src/Illuminate/Database/Eloquent/Model.php(1316): Illuminate\Database\Eloquent\Builder->create(Array)
#14 /home/smsringvertical/public_html/vendor/laravel/framework/src/Illuminate/Database/Eloquent/Model.php(1328): Illuminate\Database\Eloquent\Model->__call('create', Array)
#15 /home/smsringvertical/public_html/vendor/laravel/framework/src/Illuminate/Database/Eloquent/Model.php(1328): App\Message->create(Array)
#16 /home/smsringvertical/public_html/app/Http/Controllers/APIController.php(20): Illuminate\Database\Eloquent\Model::__callStatic('create', Array)
#17 /home/smsringvertical/public_html/app/Http/Controllers/APIController.php(20): App\Message::create(Array)
#18 [internal function]: App\Http\Controllers\APIController->boundmessage(Object(Illuminate\Http\Request))
#19 /home/smsringvertical/public_html/vendor/laravel/framework/src/Illuminate/Routing/Controller.php(55): call_user_func_array(Array, Array)
#20 /home/smsringvertical/public_html/vendor/laravel/framework/src/Illuminate/Routing/ControllerDispatcher.php(44): Illuminate\Routing\Controller->callAction('boundmessage', Array)
#21 /home/smsringvertical/public_html/vendor/laravel/framework/src/Illuminate/Routing/Route.php(204): Illuminate\Routing\ControllerDispatcher->dispatch(Object(Illuminate\Routing\Route), Object(App\Http\Controllers\APIController), 'boundmessage')
#22 /home/smsringvertical/public_html/vendor/laravel/framework/src/Illuminate/Routing/Route.php(160): Illuminate\Routing\Route->runController()
#23 /home/smsringvertical/public_html/vendor/laravel/framework/src/Illuminate/Routing/Router.php(559): Illuminate\Routing\Route->run()
#24 /home/smsringvertical/public_html/vendor/laravel/framework/src/Illuminate/Routing/Pipeline.php(30): Illuminate\Routing\Router->Illuminate\Routing\{closure}(Object(Illuminate\Http\Request))
#25 /home/smsringvertical/public_html/vendor/laravel/framework/src/Illuminate/Routing/Middleware/SubstituteBindings.php(41): Illuminate\Routing\Pipeline->Illuminate\Routing\{closure}(Object(Illuminate\Http\Request))
#26 /home/smsringvertical/public_html/vendor/laravel/framework/src/Illuminate/Pipeline/Pipeline.php(148): Illuminate\Routing\Middleware\SubstituteBindings->handle(Object(Illuminate\Http\Request), Object(Closure))
#27 /home/smsringvertical/public_html/vendor/laravel/framework/src/Illuminate/Routing/Pipeline.php(53): Illuminate\Pipeline\Pipeline->Illuminate\Pipeline\{closure}(Object(Illuminate\Http\Request))
#28 /home/smsringvertical/public_html/vendor/laravel/framework/src/Illuminate/Foundation/Http/Middleware/VerifyCsrfToken.php(65): Illuminate\Routing\Pipeline->Illuminate\Routing\{closure}(Object(Illuminate\Http\Request))
#29 /home/smsringvertical/public_html/vendor/laravel/framework/src/Illuminate/Pipeline/Pipeline.php(148): Illuminate\Foundation\Http\Middleware\VerifyCsrfToken->handle(Object(Illuminate\Http\Request), Object(Closure))
#30 /home/smsringvertical/public_html/vendor/laravel/framework/src/Illuminate/Routing/Pipeline.php(53): Illuminate\Pipeline\Pipeline->Illuminate\Pipeline\{closure}(Object(Illuminate\Http\Request))
#31 /home/smsringvertical/public_html/vendor/laravel/framework/src/Illuminate/View/Middleware/ShareErrorsFromSession.php(49): Illuminate\Routing\Pipeline->Illuminate\Routing\{closure}(Object(Illuminate\Http\Request))
#32 /home/smsringvertical/public_html/vendor/laravel/framework/src/Illuminate/Pipeline/Pipeline.php(148): Illuminate\View\Middleware\ShareErrorsFromSession->handle(Object(Illuminate\Http\Request), Object(Closure))
#33 /home/smsringvertical/public_html/vendor/laravel/framework/src/Illuminate/Routing/Pipeline.php(53): Illuminate\Pipeline\Pipeline->Illuminate\Pipeline\{closure}(Object(Illuminate\Http\Request))
#34 /home/smsringvertical/public_html/vendor/laravel/framework/src/Illuminate/Session/Middleware/StartSession.php(64): Illuminate\Routing\Pipeline->Illuminate\Routing\{closure}(Object(Illuminate\Http\Request))
#35 /home/smsringvertical/public_html/vendor/laravel/framework/src/Illuminate/Pipeline/Pipeline.php(148): Illuminate\Session\Middleware\StartSession->handle(Object(Illuminate\Http\Request), Object(Closure))
#36 /home/smsringvertical/public_html/vendor/laravel/framework/src/Illuminate/Routing/Pipeline.php(53): Illuminate\Pipeline\Pipeline->Illuminate\Pipeline\{closure}(Object(Illuminate\Http\Request))
#37 /home/smsringvertical/public_html/vendor/laravel/framework/src/Illuminate/Cookie/Middleware/AddQueuedCookiesToResponse.php(37): Illuminate\Routing\Pipeline->Illuminate\Routing\{closure}(Object(Illuminate\Http\Request))
#38 /home/smsringvertical/public_html/vendor/laravel/framework/src/Illuminate/Pipeline/Pipeline.php(148): Illuminate\Cookie\Middleware\AddQueuedCookiesToResponse->handle(Object(Illuminate\Http\Request), Object(Closure))
#39 /home/smsringvertical/public_html/vendor/laravel/framework/src/Illuminate/Routing/Pipeline.php(53): Illuminate\Pipeline\Pipeline->Illuminate\Pipeline\{closure}(Object(Illuminate\Http\Request))
#40 /home/smsringvertical/public_html/vendor/laravel/framework/src/Illuminate/Cookie/Middleware/EncryptCookies.php(59): Illuminate\Routing\Pipeline->Illuminate\Routing\{closure}(Object(Illuminate\Http\Request))
#41 /home/smsringvertical/public_html/vendor/laravel/framework/src/Illuminate/Pipeline/Pipeline.php(148): Illuminate\Cookie\Middleware\EncryptCookies->handle(Object(Illuminate\Http\Request), Object(Closure))
#42 /home/smsringvertical/public_html/vendor/laravel/framework/src/Illuminate/Routing/Pipeline.php(53): Illuminate\Pipeline\Pipeline->Illuminate\Pipeline\{closure}(Object(Illuminate\Http\Request))
#43 /home/smsringvertical/public_html/vendor/laravel/framework/src/Illuminate/Pipeline/Pipeline.php(102): Illuminate\Routing\Pipeline->Illuminate\Routing\{closure}(Object(Illuminate\Http\Request))
#44 /home/smsringvertical/public_html/vendor/laravel/framework/src/Illuminate/Routing/Router.php(561): Illuminate\Pipeline\Pipeline->then(Object(Closure))
#45 /home/smsringvertical/public_html/vendor/laravel/framework/src/Illuminate/Routing/Router.php(520): Illuminate\Routing\Router->runRouteWithinStack(Object(Illuminate\Routing\Route), Object(Illuminate\Http\Request))
#46 /home/smsringvertical/public_html/vendor/laravel/framework/src/Illuminate/Routing/Router.php(498): Illuminate\Routing\Router->dispatchToRoute(Object(Illuminate\Http\Request))
#47 /home/smsringvertical/public_html/vendor/laravel/framework/src/Illuminate/Foundation/Http/Kernel.php(174): Illuminate\Routing\Router->dispatch(Object(Illuminate\Http\Request))
#48 /home/smsringvertical/public_html/vendor/laravel/framework/src/Illuminate/Routing/Pipeline.php(30): Illuminate\Foundation\Http\Kernel->Illuminate\Foundation\Http\{closure}(Object(Illuminate\Http\Request))
#49 /home/smsringvertical/public_html/vendor/laravel/framework/src/Illuminate/Foundation/Http/Middleware/TransformsRequest.php(30): Illuminate\Routing\Pipeline->Illuminate\Routing\{closure}(Object(Illuminate\Http\Request))
#50 /home/smsringvertical/public_html/vendor/laravel/framework/src/Illuminate/Pipeline/Pipeline.php(148): Illuminate\Foundation\Http\Middleware\TransformsRequest->handle(Object(Illuminate\Http\Request), Object(Closure))
#51 /home/smsringvertical/public_html/vendor/laravel/framework/src/Illuminate/Routing/Pipeline.php(53): Illuminate\Pipeline\Pipeline->Illuminate\Pipeline\{closure}(Object(Illuminate\Http\Request))
#52 /home/smsringvertical/public_html/vendor/laravel/framework/src/Illuminate/Foundation/Http/Middleware/TransformsRequest.php(30): Illuminate\Routing\Pipeline->Illuminate\Routing\{closure}(Object(Illuminate\Http\Request))
#53 /home/smsringvertical/public_html/vendor/laravel/framework/src/Illuminate/Pipeline/Pipeline.php(148): Illuminate\Foundation\Http\Middleware\TransformsRequest->handle(Object(Illuminate\Http\Request), Object(Closure))
#54 /home/smsringvertical/public_html/vendor/laravel/framework/src/Illuminate/Routing/Pipeline.php(53): Illuminate\Pipeline\Pipeline->Illuminate\Pipeline\{closure}(Object(Illuminate\Http\Request))
#55 /home/smsringvertical/public_html/vendor/laravel/framework/src/Illuminate/Foundation/Http/Middleware/ValidatePostSize.php(27): Illuminate\Routing\Pipeline->Illuminate\Routing\{closure}(Object(Illuminate\Http\Request))
#56 /home/smsringvertical/public_html/vendor/laravel/framework/src/Illuminate/Pipeline/Pipeline.php(148): Illuminate\Foundation\Http\Middleware\ValidatePostSize->handle(Object(Illuminate\Http\Request), Object(Closure))
#57 /home/smsringvertical/public_html/vendor/laravel/framework/src/Illuminate/Routing/Pipeline.php(53): Illuminate\Pipeline\Pipeline->Illuminate\Pipeline\{closure}(Object(Illuminate\Http\Request))
#58 /home/smsringvertical/public_html/vendor/laravel/framework/src/Illuminate/Foundation/Http/Middleware/CheckForMaintenanceMode.php(46): Illuminate\Routing\Pipeline->Illuminate\Routing\{closure}(Object(Illuminate\Http\Request))
#59 /home/smsringvertical/public_html/vendor/laravel/framework/src/Illuminate/Pipeline/Pipeline.php(148): Illuminate\Foundation\Http\Middleware\CheckForMaintenanceMode->handle(Object(Illuminate\Http\Request), Object(Closure))
#60 /home/smsringvertical/public_html/vendor/laravel/framework/src/Illuminate/Routing/Pipeline.php(53): Illuminate\Pipeline\Pipeline->Illuminate\Pipeline\{closure}(Object(Illuminate\Http\Request))
#61 /home/smsringvertical/public_html/vendor/laravel/framework/src/Illuminate/Pipeline/Pipeline.php(102): Illuminate\Routing\Pipeline->Illuminate\Routing\{closure}(Object(Illuminate\Http\Request))
#62 /home/smsringvertical/public_html/vendor/laravel/framework/src/Illuminate/Foundation/Http/Kernel.php(149): Illuminate\Pipeline\Pipeline->then(Object(Closure))
#63 /home/smsringvertical/public_html/vendor/laravel/framework/src/Illuminate/Foundation/Http/Kernel.php(116): Illuminate\Foundation\Http\Kernel->sendRequestThroughRouter(Object(Illuminate\Http\Request))
#64 /home/smsringvertical/public_html/public/index.php(55): Illuminate\Foundation\Http\Kernel->handle(Object(Illuminate\Http\Request))
#65 {main}

Next exception 'Illuminate\Database\QueryException' with message 'SQLSTATE[23000]: Integrity constraint violation: 1048 Column 'Text' cannot be null (SQL: insert into `messages` (`SendTo`, `FromTo`, `Text`, `direction`, `type`, `updated_at`, `created_at`) values (19092852266, 19092276828, , in, mms, 2018-12-17 21:01:33, 2018-12-17 21:01:33))' in /home/smsringvertical/public_html/vendor/laravel/framework/src/Illuminate/Database/Connection.php:647
Stack trace:
#0 /home/smsringvertical/public_html/vendor/laravel/framework/src/Illuminate/Database/Connection.php(607): Illuminate\Database\Connection->runQueryCallback('insert into `me...', Array, Object(Closure))
#1 /home/smsringvertical/public_html/vendor/laravel/framework/src/Illuminate/Database/Connection.php(450): Illuminate\Database\Connection->run('insert into `me...', Array, Object(Closure))
#2 /home/smsringvertical/public_html/vendor/laravel/framework/src/Illuminate/Database/Connection.php(404): Illuminate\Database\Connection->statement('insert into `me...', Array)
#3 /home/smsringvertical/public_html/vendor/laravel/framework/src/Illuminate/Database/Query/Processors/Processor.php(32): Illuminate\Database\Connection->insert('insert into `me...', Array)
#4 /home/smsringvertical/public_html/vendor/laravel/framework/src/Illuminate/Database/Query/Builder.php(2196): Illuminate\Database\Query\Processors\Processor->processInsertGetId(Object(Illuminate\Database\Query\Builder), 'insert into `me...', Array, 'id')
#5 /home/smsringvertical/public_html/vendor/laravel/framework/src/Illuminate/Database/Eloquent/Builder.php(1329): Illuminate\Database\Query\Builder->insertGetId(Array, 'id')
#6 /home/smsringvertical/public_html/vendor/laravel/framework/src/Illuminate/Database/Eloquent/Model.php(674): Illuminate\Database\Eloquent\Builder->__call('insertGetId', Array)
#7 /home/smsringvertical/public_html/vendor/laravel/framework/src/Illuminate/Database/Eloquent/Model.php(674): Illuminate\Database\Eloquent\Builder->insertGetId(Array, 'id')
#8 /home/smsringvertical/public_html/vendor/laravel/framework/src/Illuminate/Database/Eloquent/Model.php(639): Illuminate\Database\Eloquent\Model->insertAndSetId(Object(Illuminate\Database\Eloquent\Builder), Array)
#9 /home/smsringvertical/public_html/vendor/laravel/framework/src/Illuminate/Database/Eloquent/Model.php(508): Illuminate\Database\Eloquent\Model->performInsert(Object(Illuminate\Database\Eloquent\Builder))
#10 /home/smsringvertical/public_html/vendor/laravel/framework/src/Illuminate/Database/Eloquent/Builder.php(825): Illuminate\Database\Eloquent\Model->save()
#11 /home/smsringvertical/public_html/vendor/laravel/framework/src/Illuminate/Database/Eloquent/Model.php(1316): Illuminate\Database\Eloquent\Builder->create(Array)
#12 /home/smsringvertical/public_html/vendor/laravel/framework/src/Illuminate/Database/Eloquent/Model.php(1328): Illuminate\Database\Eloquent\Model->__call('create', Array)
#13 /home/smsringvertical/public_html/vendor/laravel/framework/src/Illuminate/Database/Eloquent/Model.php(1328): App\Message->create(Array)
#14 /home/smsringvertical/public_html/app/Http/Controllers/APIController.php(20): Illuminate\Database\Eloquent\Model::__callStatic('create', Array)
#15 /home/smsringvertical/public_html/app/Http/Controllers/APIController.php(20): App\Message::create(Array)
#16 [internal function]: App\Http\Controllers\APIController->boundmessage(Object(Illuminate\Http\Request))
#17 /home/smsringvertical/public_html/vendor/laravel/framework/src/Illuminate/Routing/Controller.php(55): call_user_func_array(Array, Array)
#18 /home/smsringvertical/public_html/vendor/laravel/framework/src/Illuminate/Routing/ControllerDispatcher.php(44): Illuminate\Routing\Controller->callAction('boundmessage', Array)
#19 /home/smsringvertical/public_html/vendor/laravel/framework/src/Illuminate/Routing/Route.php(204): Illuminate\Routing\ControllerDispatcher->dispatch(Object(Illuminate\Routing\Route), Object(App\Http\Controllers\APIController), 'boundmessage')
#20 /home/smsringvertical/public_html/vendor/laravel/framework/src/Illuminate/Routing/Route.php(160): Illuminate\Routing\Route->runController()
#21 /home/smsringvertical/public_html/vendor/laravel/framework/src/Illuminate/Routing/Router.php(559): Illuminate\Routing\Route->run()
#22 /home/smsringvertical/public_html/vendor/laravel/framework/src/Illuminate/Routing/Pipeline.php(30): Illuminate\Routing\Router->Illuminate\Routing\{closure}(Object(Illuminate\Http\Request))
#23 /home/smsringvertical/public_html/vendor/laravel/framework/src/Illuminate/Routing/Middleware/SubstituteBindings.php(41): Illuminate\Routing\Pipeline->Illuminate\Routing\{closure}(Object(Illuminate\Http\Request))
#24 /home/smsringvertical/public_html/vendor/laravel/framework/src/Illuminate/Pipeline/Pipeline.php(148): Illuminate\Routing\Middleware\SubstituteBindings->handle(Object(Illuminate\Http\Request), Object(Closure))
#25 /home/smsringvertical/public_html/vendor/laravel/framework/src/Illuminate/Routing/Pipeline.php(53): Illuminate\Pipeline\Pipeline->Illuminate\Pipeline\{closure}(Object(Illuminate\Http\Request))
#26 /home/smsringvertical/public_html/vendor/laravel/framework/src/Illuminate/Foundation/Http/Middleware/VerifyCsrfToken.php(65): Illuminate\Routing\Pipeline->Illuminate\Routing\{closure}(Object(Illuminate\Http\Request))
#27 /home/smsringvertical/public_html/vendor/laravel/framework/src/Illuminate/Pipeline/Pipeline.php(148): Illuminate\Foundation\Http\Middleware\VerifyCsrfToken->handle(Object(Illuminate\Http\Request), Object(Closure))
#28 /home/smsringvertical/public_html/vendor/laravel/framework/src/Illuminate/Routing/Pipeline.php(53): Illuminate\Pipeline\Pipeline->Illuminate\Pipeline\{closure}(Object(Illuminate\Http\Request))
#29 /home/smsringvertical/public_html/vendor/laravel/framework/src/Illuminate/View/Middleware/ShareErrorsFromSession.php(49): Illuminate\Routing\Pipeline->Illuminate\Routing\{closure}(Object(Illuminate\Http\Request))
#30 /home/smsringvertical/public_html/vendor/laravel/framework/src/Illuminate/Pipeline/Pipeline.php(148): Illuminate\View\Middleware\ShareErrorsFromSession->handle(Object(Illuminate\Http\Request), Object(Closure))
#31 /home/smsringvertical/public_html/vendor/laravel/framework/src/Illuminate/Routing/Pipeline.php(53): Illuminate\Pipeline\Pipeline->Illuminate\Pipeline\{closure}(Object(Illuminate\Http\Request))
#32 /home/smsringvertical/public_html/vendor/laravel/framework/src/Illuminate/Session/Middleware/StartSession.php(64): Illuminate\Routing\Pipeline->Illuminate\Routing\{closure}(Object(Illuminate\Http\Request))
#33 /home/smsringvertical/public_html/vendor/laravel/framework/src/Illuminate/Pipeline/Pipeline.php(148): Illuminate\Session\Middleware\StartSession->handle(Object(Illuminate\Http\Request), Object(Closure))
#34 /home/smsringvertical/public_html/vendor/laravel/framework/src/Illuminate/Routing/Pipeline.php(53): Illuminate\Pipeline\Pipeline->Illuminate\Pipeline\{closure}(Object(Illuminate\Http\Request))
#35 /home/smsringvertical/public_html/vendor/laravel/framework/src/Illuminate/Cookie/Middleware/AddQueuedCookiesToResponse.php(37): Illuminate\Routing\Pipeline->Illuminate\Routing\{closure}(Object(Illuminate\Http\Request))
#36 /home/smsringvertical/public_html/vendor/laravel/framework/src/Illuminate/Pipeline/Pipeline.php(148): Illuminate\Cookie\Middleware\AddQueuedCookiesToResponse->handle(Object(Illuminate\Http\Request), Object(Closure))
#37 /home/smsringvertical/public_html/vendor/laravel/framework/src/Illuminate/Routing/Pipeline.php(53): Illuminate\Pipeline\Pipeline->Illuminate\Pipeline\{closure}(Object(Illuminate\Http\Request))
#38 /home/smsringvertical/public_html/vendor/laravel/framework/src/Illuminate/Cookie/Middleware/EncryptCookies.php(59): Illuminate\Routing\Pipeline->Illuminate\Routing\{closure}(Object(Illuminate\Http\Request))
#39 /home/smsringvertical/public_html/vendor/laravel/framework/src/Illuminate/Pipeline/Pipeline.php(148): Illuminate\Cookie\Middleware\EncryptCookies->handle(Object(Illuminate\Http\Request), Object(Closure))
#40 /home/smsringvertical/public_html/vendor/laravel/framework/src/Illuminate/Routing/Pipeline.php(53): Illuminate\Pipeline\Pipeline->Illuminate\Pipeline\{closure}(Object(Illuminate\Http\Request))
#41 /home/smsringvertical/public_html/vendor/laravel/framework/src/Illuminate/Pipeline/Pipeline.php(102): Illuminate\Routing\Pipeline->Illuminate\Routing\{closure}(Object(Illuminate\Http\Request))
#42 /home/smsringvertical/public_html/vendor/laravel/framework/src/Illuminate/Routing/Router.php(561): Illuminate\Pipeline\Pipeline->then(Object(Closure))
#43 /home/smsringvertical/public_html/vendor/laravel/framework/src/Illuminate/Routing/Router.php(520): Illuminate\Routing\Router->runRouteWithinStack(Object(Illuminate\Routing\Route), Object(Illuminate\Http\Request))
#44 /home/smsringvertical/public_html/vendor/laravel/framework/src/Illuminate/Routing/Router.php(498): Illuminate\Routing\Router->dispatchToRoute(Object(Illuminate\Http\Request))
#45 /home/smsringvertical/public_html/vendor/laravel/framework/src/Illuminate/Foundation/Http/Kernel.php(174): Illuminate\Routing\Router->dispatch(Object(Illuminate\Http\Request))
#46 /home/smsringvertical/public_html/vendor/laravel/framework/src/Illuminate/Routing/Pipeline.php(30): Illuminate\Foundation\Http\Kernel->Illuminate\Foundation\Http\{closure}(Object(Illuminate\Http\Request))
#47 /home/smsringvertical/public_html/vendor/laravel/framework/src/Illuminate/Foundation/Http/Middleware/TransformsRequest.php(30): Illuminate\Routing\Pipeline->Illuminate\Routing\{closure}(Object(Illuminate\Http\Request))
#48 /home/smsringvertical/public_html/vendor/laravel/framework/src/Illuminate/Pipeline/Pipeline.php(148): Illuminate\Foundation\Http\Middleware\TransformsRequest->handle(Object(Illuminate\Http\Request), Object(Closure))
#49 /home/smsringvertical/public_html/vendor/laravel/framework/src/Illuminate/Routing/Pipeline.php(53): Illuminate\Pipeline\Pipeline->Illuminate\Pipeline\{closure}(Object(Illuminate\Http\Request))
#50 /home/smsringvertical/public_html/vendor/laravel/framework/src/Illuminate/Foundation/Http/Middleware/TransformsRequest.php(30): Illuminate\Routing\Pipeline->Illuminate\Routing\{closure}(Object(Illuminate\Http\Request))
#51 /home/smsringvertical/public_html/vendor/laravel/framework/src/Illuminate/Pipeline/Pipeline.php(148): Illuminate\Foundation\Http\Middleware\TransformsRequest->handle(Object(Illuminate\Http\Request), Object(Closure))
#52 /home/smsringvertical/public_html/vendor/laravel/framework/src/Illuminate/Routing/Pipeline.php(53): Illuminate\Pipeline\Pipeline->Illuminate\Pipeline\{closure}(Object(Illuminate\Http\Request))
#53 /home/smsringvertical/public_html/vendor/laravel/framework/src/Illuminate/Foundation/Http/Middleware/ValidatePostSize.php(27): Illuminate\Routing\Pipeline->Illuminate\Routing\{closure}(Object(Illuminate\Http\Request))
#54 /home/smsringvertical/public_html/vendor/laravel/framework/src/Illuminate/Pipeline/Pipeline.php(148): Illuminate\Foundation\Http\Middleware\ValidatePostSize->handle(Object(Illuminate\Http\Request), Object(Closure))
#55 /home/smsringvertical/public_html/vendor/laravel/framework/src/Illuminate/Routing/Pipeline.php(53): Illuminate\Pipeline\Pipeline->Illuminate\Pipeline\{closure}(Object(Illuminate\Http\Request))
#56 /home/smsringvertical/public_html/vendor/laravel/framework/src/Illuminate/Foundation/Http/Middleware/CheckForMaintenanceMode.php(46): Illuminate\Routing\Pipeline->Illuminate\Routing\{closure}(Object(Illuminate\Http\Request))
#57 /home/smsringvertical/public_html/vendor/laravel/framework/src/Illuminate/Pipeline/Pipeline.php(148): Illuminate\Foundation\Http\Middleware\CheckForMaintenanceMode->handle(Object(Illuminate\Http\Request), Object(Closure))
#58 /home/smsringvertical/public_html/vendor/laravel/framework/src/Illuminate/Routing/Pipeline.php(53): Illuminate\Pipeline\Pipeline->Illuminate\Pipeline\{closure}(Object(Illuminate\Http\Request))
#59 /home/smsringvertical/public_html/vendor/laravel/framework/src/Illuminate/Pipeline/Pipeline.php(102): Illuminate\Routing\Pipeline->Illuminate\Routing\{closure}(Object(Illuminate\Http\Request))
#60 /home/smsringvertical/public_html/vendor/laravel/framework/src/Illuminate/Foundation/Http/Kernel.php(149): Illuminate\Pipeline\Pipeline->then(Object(Closure))
#61 /home/smsringvertical/public_html/vendor/laravel/framework/src/Illuminate/Foundation/Http/Kernel.php(116): Illuminate\Foundation\Http\Kernel->sendRequestThroughRouter(Object(Illuminate\Http\Request))
#62 /home/smsringvertical/public_html/public/index.php(55): Illuminate\Foundation\Http\Kernel->handle(Object(Illuminate\Http\Request))
#63 {main}  
[2018-12-17 21:01:35] local.INFO: array (
)  
